<?xml version="1.0" encoding="UTF-8" ?>
<testsuite failures="0" time="0.007" errors="0" skipped="0" tests="1" name="com.mongocourse.AppTest">
  <properties>
    <property name="java.runtime.name" value="Java(TM) SE Runtime Environment"/>
    <property name="sun.boot.library.path" value="/Library/Java/JavaVirtualMachines/1.6.0_30-b12-404.jdk/Contents/Libraries"/>
    <property name="java.vm.version" value="20.5-b03-404"/>
    <property name="awt.nativeDoubleBuffering" value="true"/>
    <property name="gopherProxySet" value="false"/>
    <property name="mrj.build" value="12A269"/>
    <property name="java.vm.vendor" value="Apple Inc."/>
    <property name="java.vendor.url" value="http://www.apple.com/"/>
    <property name="path.separator" value=":"/>
    <property name="java.vm.name" value="Java HotSpot(TM) 64-Bit Server VM"/>
    <property name="file.encoding.pkg" value="sun.io"/>
    <property name="user.country" value="US"/>
    <property name="sun.java.launcher" value="SUN_STANDARD"/>
    <property name="sun.os.patch.level" value="unknown"/>
    <property name="java.vm.specification.name" value="Java Virtual Machine Specification"/>
    <property name="user.dir" value="/Users/jsullivan/Projects/M101J"/>
    <property name="java.runtime.version" value="1.6.0_30-b12-404-12A269"/>
    <property name="java.awt.graphicsenv" value="apple.awt.CGraphicsEnvironment"/>
    <property name="basedir" value="/Users/jsullivan/Projects/M101J"/>
    <property name="java.endorsed.dirs" value="/Library/Java/JavaVirtualMachines/1.6.0_30-b12-404.jdk/Contents/Home/lib/endorsed"/>
    <property name="os.arch" value="x86_64"/>
    <property name="surefire.real.class.path" value="/Users/jsullivan/Projects/M101J/target/surefire/surefirebooter5284143417069839004.jar"/>
    <property name="java.io.tmpdir" value="/var/folders/39/mrmg9kx52d7_jd2gxg9wjnnw0000gn/T/"/>
    <property name="line.separator" value="
"/>
    <property name="java.vm.specification.vendor" value="Sun Microsystems Inc."/>
    <property name="os.name" value="Mac OS X"/>
    <property name="sun.jnu.encoding" value="MacRoman"/>
    <property name="java.library.path" value=".:/Library/Java/Extensions:/System/Library/Java/Extensions:/usr/lib/java"/>
    <property name="surefire.test.class.path" value="/Users/jsullivan/Projects/M101J/target/test-classes:/Users/jsullivan/Projects/M101J/target/classes:/Users/jsullivan/.m2/repository/junit/junit/3.8.1/junit-3.8.1.jar:/Users/jsullivan/.m2/repository/org/mongodb/mongo-java-driver/2.10.1/mongo-java-driver-2.10.1.jar:/Users/jsullivan/.m2/repository/spark/spark/0.9.9.4-SNAPSHOT/spark-0.9.9.4-SNAPSHOT.jar:/Users/jsullivan/.m2/repository/org/slf4j/slf4j-api/1.6.4/slf4j-api-1.6.4.jar:/Users/jsullivan/.m2/repository/org/eclipse/jetty/aggregate/jetty-webapp/7.3.0.v20110203/jetty-webapp-7.3.0.v20110203.jar:/Users/jsullivan/.m2/repository/javax/servlet/servlet-api/2.5/servlet-api-2.5.jar:"/>
    <property name="java.specification.name" value="Java Platform API Specification"/>
    <property name="java.class.version" value="50.0"/>
    <property name="sun.management.compiler" value="HotSpot 64-Bit Tiered Compilers"/>
    <property name="os.version" value="10.8.2"/>
    <property name="http.nonProxyHosts" value="local|*.local|169.254/16|*.169.254/16"/>
    <property name="user.home" value="/Users/jsullivan"/>
    <property name="user.timezone" value=""/>
    <property name="java.awt.printerjob" value="apple.awt.CPrinterJob"/>
    <property name="java.specification.version" value="1.6"/>
    <property name="file.encoding" value="MacRoman"/>
    <property name="user.name" value="jsullivan"/>
    <property name="java.class.path" value="/Users/jsullivan/Projects/M101J/target/test-classes:/Users/jsullivan/Projects/M101J/target/classes:/Users/jsullivan/.m2/repository/junit/junit/3.8.1/junit-3.8.1.jar:/Users/jsullivan/.m2/repository/org/mongodb/mongo-java-driver/2.10.1/mongo-java-driver-2.10.1.jar:/Users/jsullivan/.m2/repository/spark/spark/0.9.9.4-SNAPSHOT/spark-0.9.9.4-SNAPSHOT.jar:/Users/jsullivan/.m2/repository/org/slf4j/slf4j-api/1.6.4/slf4j-api-1.6.4.jar:/Users/jsullivan/.m2/repository/org/eclipse/jetty/aggregate/jetty-webapp/7.3.0.v20110203/jetty-webapp-7.3.0.v20110203.jar:/Users/jsullivan/.m2/repository/javax/servlet/servlet-api/2.5/servlet-api-2.5.jar:"/>
    <property name="java.vm.specification.version" value="1.0"/>
    <property name="sun.arch.data.model" value="64"/>
    <property name="java.home" value="/Library/Java/JavaVirtualMachines/1.6.0_30-b12-404.jdk/Contents/Home"/>
    <property name="sun.java.command" value="/Users/jsullivan/Projects/M101J/target/surefire/surefirebooter5284143417069839004.jar /Users/jsullivan/Projects/M101J/target/surefire/surefire4946932472944634227tmp /Users/jsullivan/Projects/M101J/target/surefire/surefire4101181511072803381tmp"/>
    <property name="java.specification.vendor" value="Sun Microsystems Inc."/>
    <property name="user.language" value="en"/>
    <property name="awt.toolkit" value="apple.awt.CToolkit"/>
    <property name="java.vm.info" value="mixed mode"/>
    <property name="java.version" value="1.6.0_30"/>
    <property name="java.ext.dirs" value="/Library/Java/Extensions:/System/Library/Java/Extensions:/Library/Java/JavaVirtualMachines/1.6.0_30-b12-404.jdk/Contents/Home/lib/ext"/>
    <property name="sun.boot.class.path" value="/Library/Java/JavaVirtualMachines/1.6.0_30-b12-404.jdk/Contents/Classes/jsfd.jar:/Library/Java/JavaVirtualMachines/1.6.0_30-b12-404.jdk/Contents/Classes/classes.jar:/System/Library/Frameworks/JavaVM.framework/Frameworks/JavaRuntimeSupport.framework/Resources/Java/JavaRuntimeSupport.jar:/Library/Java/JavaVirtualMachines/1.6.0_30-b12-404.jdk/Contents/Classes/ui.jar:/Library/Java/JavaVirtualMachines/1.6.0_30-b12-404.jdk/Contents/Classes/laf.jar:/Library/Java/JavaVirtualMachines/1.6.0_30-b12-404.jdk/Contents/Classes/sunrsasign.jar:/Library/Java/JavaVirtualMachines/1.6.0_30-b12-404.jdk/Contents/Classes/jsse.jar:/Library/Java/JavaVirtualMachines/1.6.0_30-b12-404.jdk/Contents/Classes/jce.jar:/Library/Java/JavaVirtualMachines/1.6.0_30-b12-404.jdk/Contents/Classes/charsets.jar"/>
    <property name="java.vendor" value="Apple Inc."/>
    <property name="localRepository" value="/Users/jsullivan/.m2/repository"/>
    <property name="file.separator" value="/"/>
    <property name="java.vendor.url.bug" value="http://bugreport.apple.com/"/>
    <property name="sun.cpu.endian" value="little"/>
    <property name="sun.io.unicode.encoding" value="UnicodeLittle"/>
    <property name="mrj.version" value="1070.1.6.0_30-404"/>
    <property name="socksNonProxyHosts" value="local|*.local|169.254/16|*.169.254/16"/>
    <property name="ftp.nonProxyHosts" value="local|*.local|169.254/16|*.169.254/16"/>
    <property name="sun.cpu.isalist" value=""/>
  </properties>
  <testcase time="0.001" classname="com.mongocourse.AppTest" name="testApp"/>
</testsuite>